<?xml version="1.0" encoding="UTF-8"?>
<!-- Generated by org.testng.reporters.JUnitXMLReporter -->
<testsuite hostname="DESKTOP-P0O5KDQ" ignored="0" name="Smoke Test" tests="3" failures="1" timestamp="2022-10-05T21:39:35 ICT" time="10.757" errors="0">
  <testcase name="tc_001" time="0.024" classname="tests.HomePageTest">
    <failure type="java.lang.AssertionError" message="Title does not match expected [W3Schools Online Web Tutorials1] but found [W3Schools Online Web Tutorials]">
      <![CDATA[java.lang.AssertionError: Title does not match expected [W3Schools Online Web Tutorials1] but found [W3Schools Online Web Tutorials]
at tests.HomePageTest.tc_001(HomePageTest.java:17)
at java.util.ArrayList.forEach(ArrayList.java:1249)
... Removed 36 stack frames]]>
    </failure>
  </testcase> <!-- tc_001 -->
  <testcase name="tc_002" time="0.546" classname="tests.HomePageTest"/>
  <testcase name="tc_002" time="1.817" classname="tests.SpacePageTest"/>
</testsuite> <!-- Smoke Test -->
