-------------------------------------------------------------------------------
Test set: TestSuite
-------------------------------------------------------------------------------
Tests run: 3, Failures: 1, Errors: 0, Skipped: 0, Time elapsed: 12.097 s <<< FAILURE! - in TestSuite
tc_001(tests.HomePageTest)  Time elapsed: 0.26 s  <<< FAILURE!
java.lang.AssertionError: Title does not match expected [W3Schools Online Web Tutorials1] but found [W3Schools Online Web Tutorials]
	at tests.HomePageTest.tc_001(HomePageTest.java:17)

