<?xml version="1.0" encoding="UTF-8"?>
<testsuite xmlns:xsi="http://www.w3.org/2001/XMLSchema-instance" xsi:noNamespaceSchemaLocation="https://maven.apache.org/surefire/maven-surefire-plugin/xsd/surefire-test-report.xsd" name="TestSuite" time="12.097" tests="3" errors="0" skipped="0" failures="1">
  <properties>
[...]
</properties>
  <testcase name="tc_001" classname="tests.HomePageTest" time="0.26">
    <failure message="Title does not match expected [W3Schools Online Web Tutorials1] but found [W3Schools Online Web Tutorials]" type="java.lang.AssertionError">java.lang.AssertionError: Title does not match expected [W3Schools Online Web Tutorials1] but found [W3Schools Online Web Tutorials]
	at tests.HomePageTest.tc_001(HomePageTest.java:17)
</failure>
    <system-out><![CDATA[Screenshot taken, saved in screenshots folder
]]></system-out>
    <system-err><![CDATA[ERROR StatusLogger No Log4j 2 configuration file found. Using default configuration (logging only errors to the console), or user programmatically provided configurations. Set system property 'log4j2.debug' to show Log4j 2 internal initialization logging. See https://logging.apache.org/log4j/2.x/manual/configuration.html for instructions on how to configure Log4j 2
Oct 05, 2022 9:39:25 PM java.util.prefs.WindowsPreferences <init>
WARNING: Could not open/create prefs root node Software\JavaSoft\Prefs at root 0x80000002. Windows RegCreateKeyEx(...) returned error code 5.
ChromeDriver was started successfully.
Oct 05, 2022 9:39:27 PM org.openqa.selenium.remote.ProtocolHandshake createSession
INFO: Detected dialect: W3C
]]></system-err>
  </testcase>
  <testcase name="tc_002" classname="tests.HomePageTest" time="0.547"/>
  <testcase name="tc_002" classname="tests.SpacePageTest" time="1.816"/>
</testsuite>